npm error code ERESOLVE
npm error ERESOLVE could not resolve
npm error
npm error While resolving: next-themes@0.3.0
npm error Found: react@19.1.0
npm error node_modules/react
npm error   peer react@">=16.8.0" from @floating-ui/react-dom@2.1.2
npm error   node_modules/@floating-ui/react-dom
npm error     @floating-ui/react-dom@"^2.0.0" from @radix-ui/react-popper@1.2.0
npm error     node_modules/@radix-ui/react-popper
npm error       @radix-ui/react-popper@"1.2.0" from @radix-ui/react-hover-card@1.1.2
npm error       node_modules/@radix-ui/react-hover-card
npm error         @radix-ui/react-hover-card@"^1.1.1" from the root project
npm error       4 more (@radix-ui/react-menu, @radix-ui/react-popover, ...)
npm error   peer react@"^16.8 || ^17.0 || ^18.0 || ^19.0 || ^19.0.0-rc" from @radix-ui/react-accordion@1.2.1
npm error   node_modules/@radix-ui/react-accordion
npm error     @radix-ui/react-accordion@"^1.2.0" from the root project
npm error   164 more (@radix-ui/react-collapsible, ...)
npm error
npm error Could not resolve dependency:
npm error peer react@"^16.8 || ^17 || ^18" from next-themes@0.3.0
npm error node_modules/next-themes
npm error   next-themes@"^0.3.0" from the root project
npm error
npm error Conflicting peer dependency: react@18.3.1
npm error node_modules/react
npm error   peer react@"^16.8 || ^17 || ^18" from next-themes@0.3.0
npm error   node_modules/next-themes
npm error     next-themes@"^0.3.0" from the root project
npm error
npm error Fix the upstream dependency conflict, or retry
npm error this command with --force or --legacy-peer-deps
npm error to accept an incorrect (and potentially broken) dependency resolution.
npm error
npm error
npm error For a full report see:
npm error /Users/Development/.npm/_logs/2025-05-27T14_31_58_179Z-eresolve-report.txt
npm error A complete log of this run can be found in: /Users/Development/.npm/_logs/2025-05-27T14_31_58_179Z-debug-0.log
